LANGTRACE before_set_exepath
LANGTRACE after_set_exepath
LANGTRACE step=parse arg=es
LANGKW ALGORITMO=Algoritmo
LANGKW FINALGORITMO=FinAlgoritmo
LANGKW DEFINIR=Definir
LANGKW COMO=Como
LANGTRACE before_setlanguage_call lang_code=es
LANGTRACE SetLanguage requested=es
LANGTRACE SetLanguage try path=C:\msys64\home\Lenovo\src\ppp\bin/../lang/es.txt
LANGTRACE SetLanguage loaded path=C:\msys64\home\Lenovo\src\ppp\bin/../lang/es.txt
LANGTRACE after_setlanguage_call
LANGTRACE postset ALGORITMO=Algoritmo
LANGTRACE postset FINALGORITMO=FinAlgoritmo
LANGTRACE postset DEFINIR=Definir
LANGTRACE postset COMO=Como
LANGTRACE set_current_lang before=es after=es source=main
KWFIX enter current_lang=es
KWFIX before ALGORITMO=Algoritmo
KWFIX before FINALGORITMO=FinAlgoritmo
KWFIX before SI=Si
KWFIX before ENTONCES=Entonces
KWFIX before SINO=SiNo
KWFIX before FINSI=FinSi
KWFIX before MIENTRAS=Mientras
KWFIX before HACER=Hacer
KWFIX before FINMIENTRAS=FinMientras
KWFIX before REPETIR=Repetir
KWFIX before HASTAQUE=Hasta Que
KWFIX before PARA=Para
KWFIX before HASTA=Hasta
KWFIX before CONPASO=Con Paso
KWFIX before FINPARA=FinPara
KWFIX before DEFINIR=Definir
KWFIX before COMO=Como
KWFIX before LEER=Leer
KWFIX before ESCRIBIR=Escribir
KWFIX overlay path=keywords/es.ini
KWFIX loaded ALGORITMO=Algoritmo
KWFIX loaded FINALGORITMO=FinAlgoritmo
KWFIX loaded LEER=Leer
KWFIX loaded ESCRIBIR=Escribir
KWFIX loaded DEFINIR=Definir
KWFIX loaded COMO=Como
KWFIX after ALGORITMO=Algoritmo
KWFIX after FINALGORITMO=FinAlgoritmo
KWFIX after SI=Si
KWFIX after ENTONCES=Entonces
KWFIX after SINO=SiNo
KWFIX after FINSI=FinSi
KWFIX after MIENTRAS=Mientras
KWFIX after HACER=Hacer
KWFIX after FINMIENTRAS=FinMientras
KWFIX after REPETIR=Repetir
KWFIX after HASTAQUE=Hasta Que
KWFIX after PARA=Para
KWFIX after HASTA=Hasta
KWFIX after CONPASO=Con Paso
KWFIX after FINPARA=FinPara
KWFIX after DEFINIR=Definir
KWFIX after COMO=Como
KWFIX after LEER=Leer
KWFIX after ESCRIBIR=Escribir
KWFIX after TIPO_ENTERO=Entero
KWFIX after TIPO_REAL=Real
KWFIX after TIPO_LOGICO=Lógico
KWFIX after TIPO_CARACTER=Cadena
LANGTRACE engine current_lang=es
KWFIX LangSettings::Fix enter current_lang=es
KWFIX enter current_lang=es
KWFIX before ALGORITMO=Algoritmo
KWFIX before FINALGORITMO=FinAlgoritmo
KWFIX before SI=Si
KWFIX before ENTONCES=Entonces
KWFIX before SINO=SiNo
KWFIX before FINSI=FinSi
KWFIX before MIENTRAS=Mientras
KWFIX before HACER=Hacer
KWFIX before FINMIENTRAS=FinMientras
KWFIX before REPETIR=Repetir
KWFIX before HASTAQUE=Hasta Que
KWFIX before PARA=Para
KWFIX before HASTA=Hasta
KWFIX before CONPASO=Con Paso
KWFIX before FINPARA=FinPara
KWFIX before DEFINIR=Definir
KWFIX before COMO=Como
KWFIX before LEER=Leer
KWFIX before ESCRIBIR=Escribir
KWFIX loaded ALGORITMO=Algoritmo
KWFIX loaded FINALGORITMO=FinAlgoritmo
KWFIX loaded LEER=Leer
KWFIX loaded ESCRIBIR=Escribir
KWFIX loaded DEFINIR=Definir
KWFIX loaded COMO=Como
KWFIX after ALGORITMO=Algoritmo
KWFIX after FINALGORITMO=FinAlgoritmo
KWFIX after SI=Si
KWFIX after ENTONCES=Entonces
KWFIX after SINO=SiNo
KWFIX after FINSI=FinSi
KWFIX after MIENTRAS=Mientras
KWFIX after HACER=Hacer
KWFIX after FINMIENTRAS=FinMientras
KWFIX after REPETIR=Repetir
KWFIX after HASTAQUE=Hasta Que
KWFIX after PARA=Para
KWFIX after HASTA=Hasta
KWFIX after CONPASO=Con Paso
KWFIX after FINPARA=FinPara
KWFIX after DEFINIR=Definir
KWFIX after COMO=Como
KWFIX after LEER=Leer
KWFIX after ESCRIBIR=Escribir
KWFIX after TIPO_ENTERO=Entero
KWFIX after TIPO_REAL=Real
KWFIX after TIPO_LOGICO=Lógico
KWFIX after TIPO_CARACTER=Cadena
KWFIX LangSettings::Fix exit current_lang=es
LANGTRACE postfix current_lang=es
LANGTRACE postfix ALGORITMO=Algoritmo
LANGTRACE postfix FINALGORITMO=FinAlgoritmo
LANGTRACE postfix DEFINIR=Definir
LANGTRACE postfix COMO=Como
LANGTRACE postfix LEER=Leer
LANGTRACE postfix ESCRIBIR=Escribir
KWTRACE ENTER CheckVariable
KWTRACE ENTER CheckVariable
KWTRACE ENTER CheckVariable
KWTRACE ENTER PalabraReservada
KWTRACE ENTER PalabraReservada
