LANGTRACE before_set_exepath
LANGTRACE after_set_exepath
LANGTRACE step=parse arg=fr
LANGKW ALGORITMO=Algoritmo
LANGKW FINALGORITMO=FinAlgoritmo
LANGKW DEFINIR=Definir
LANGKW COMO=Como
LANGTRACE before_setlanguage_call lang_code=fr
LANGTRACE SetLanguage requested=fr
LANGTRACE SetLanguage try path=C:\msys64\home\Lenovo\src\ppp\bin/../lang/fr.txt
LANGTRACE SetLanguage loaded path=C:\msys64\home\Lenovo\src\ppp\bin/../lang/fr.txt
LANGTRACE after_setlanguage_call
LANGTRACE postset ALGORITMO=Algoritmo
LANGTRACE postset FINALGORITMO=FinAlgoritmo
LANGTRACE postset DEFINIR=Definir
LANGTRACE postset COMO=Como
LANGTRACE set_current_lang before=es after=fr source=main
KWFIX enter current_lang=fr
KWFIX before ALGORITMO=Algoritmo
KWFIX before FINALGORITMO=FinAlgoritmo
KWFIX before POR_COPIA=Por Copia
KWFIX before POR_REFERENCIA=Por Referencia
KWFIX before SUBALGORITMO=Función
KWFIX before FINSUBALGORITMO=FinFunción
KWFIX before SI=Si
KWFIX before ENTONCES=Entonces
KWFIX before SINO=SiNo
KWFIX before FINSI=FinSi
KWFIX before MIENTRAS=Mientras
KWFIX before HACER=Hacer
KWFIX before FINMIENTRAS=FinMientras
KWFIX before REPETIR=Repetir
KWFIX before HASTAQUE=Hasta Que
KWFIX before PARA=Para
KWFIX before HASTA=Hasta
KWFIX before CONPASO=Con Paso
KWFIX before FINPARA=FinPara
KWFIX before SEGUN=Según
KWFIX before OPCION=Si Es
KWFIX before DEOTROMODO=De Otro Modo
KWFIX before FINSEGUN=FinSegún
KWFIX before DEFINIR=Definir
KWFIX before COMO=Como
KWFIX before LEER=Leer
KWFIX before ESCRIBIR=Escribir
KWFIX overlay path=keywords/fr.ini
KWFIX loaded ALGORITMO=Algorithme
KWFIX loaded FINALGORITMO=FinAlgorithme
KWFIX loaded POR_COPIA=Par Valeur
KWFIX loaded POR_REFERENCIA=Par Référence
KWFIX loaded SUBALGORITMO=Fonction
KWFIX loaded FINSUBALGORITMO=FinFonction
KWFIX loaded SI=Si
KWFIX loaded ENTONCES=Alors
KWFIX loaded SINO=Sinon
KWFIX loaded FINSI=FinSi
KWFIX loaded MIENTRAS=TantQue
KWFIX loaded HACER=Faire
KWFIX loaded FINMIENTRAS=FinTantQue
KWFIX loaded REPETIR=Répéter
KWFIX loaded HASTAQUE=Jusqua
KWFIX loaded PARA=Pour
KWFIX loaded HASTA=Jusque
KWFIX loaded CONPASO=Par Pas De
KWFIX loaded FINPARA=FinPour
KWFIX loaded SEGUN=Selon
KWFIX loaded OPCION=Cas
KWFIX loaded DEOTROMODO=Autrement
KWFIX loaded FINSEGUN=FinSelon
KWFIX loaded LEER=Lire
KWFIX loaded ESCRIBIR=Ecrire
KWFIX loaded DEFINIR=Définir
KWFIX loaded COMO=Comme
KWFIX loaded TIPO_ENTERO=Entier
KWFIX loaded TIPO_REAL=Réel
KWFIX loaded TIPO_LOGICO=Logique
KWFIX loaded TIPO_CARACTER=Caractère
KWFIX loaded SIN_SALTAR=Sans Saut de Ligne
KWFIX loaded LIMPIARPANTALLA=Effacer Ecran
KWFIX loaded ESPERARTECLA=Attendre Touche
KWFIX loaded ESPERARTIEMPO=Attendre
KWFIX loaded SEGUNDOS=Secondes
KWFIX loaded MILISEGUNDOS=Millisecondes
KWFIX after ALGORITMO=Algorithme
KWFIX after FINALGORITMO=FinAlgorithme
KWFIX after POR_COPIA=Par Valeur
KWFIX after POR_REFERENCIA=Par Référence
KWFIX after SUBALGORITMO=Fonction
KWFIX after FINSUBALGORITMO=FinFonction
KWFIX after SI=Si
KWFIX after ENTONCES=Alors
KWFIX after SINO=Sinon
KWFIX after FINSI=FinSi
KWFIX after MIENTRAS=TantQue
KWFIX after HACER=Faire
KWFIX after FINMIENTRAS=FinTantQue
KWFIX after REPETIR=Répéter
KWFIX after HASTAQUE=Jusqua
KWFIX after PARA=Pour
KWFIX after HASTA=Jusque
KWFIX after CONPASO=Par Pas De
KWFIX after FINPARA=FinPour
KWFIX after SEGUN=Selon
KWFIX after OPCION=Cas
KWFIX after DEOTROMODO=Autrement
KWFIX after FINSEGUN=FinSelon
KWFIX after DEFINIR=Définir
KWFIX after COMO=Comme
KWFIX after LEER=Lire
KWFIX after ESCRIBIR=Ecrire
KWFIX after TIPO_ENTERO=Entier
KWFIX after TIPO_REAL=Réel
KWFIX after TIPO_LOGICO=Logique
KWFIX after TIPO_CARACTER=Caractère
LANGTRACE engine current_lang=fr
KWFIX enter current_lang=fr
KWFIX before ALGORITMO=Algorithme
KWFIX before FINALGORITMO=FinAlgorithme
KWFIX before POR_COPIA=Par Valeur
KWFIX before POR_REFERENCIA=Par Référence
KWFIX before SUBALGORITMO=Fonction
KWFIX before FINSUBALGORITMO=FinFonction
KWFIX before SI=Si
KWFIX before ENTONCES=Alors
KWFIX before SINO=Sinon
KWFIX before FINSI=FinSi
KWFIX before MIENTRAS=TantQue
KWFIX before HACER=Faire
KWFIX before FINMIENTRAS=FinTantQue
KWFIX before REPETIR=Répéter
KWFIX before HASTAQUE=Jusqua
KWFIX before PARA=Pour
KWFIX before HASTA=Jusque
KWFIX before CONPASO=Par Pas De
KWFIX before FINPARA=FinPour
KWFIX before SEGUN=Selon
KWFIX before OPCION=Cas
KWFIX before DEOTROMODO=Autrement
KWFIX before FINSEGUN=FinSelon
KWFIX before DEFINIR=Définir
KWFIX before COMO=Comme
KWFIX before LEER=Lire
KWFIX before ESCRIBIR=Ecrire
KWFIX loaded ALGORITMO=Algorithme
KWFIX loaded FINALGORITMO=FinAlgorithme
KWFIX loaded POR_COPIA=Par Valeur
KWFIX loaded POR_REFERENCIA=Par Référence
KWFIX loaded SUBALGORITMO=Fonction
KWFIX loaded FINSUBALGORITMO=FinFonction
KWFIX loaded SI=Si
KWFIX loaded ENTONCES=Alors
KWFIX loaded SINO=Sinon
KWFIX loaded FINSI=FinSi
KWFIX loaded MIENTRAS=TantQue
KWFIX loaded HACER=Faire
KWFIX loaded FINMIENTRAS=FinTantQue
KWFIX loaded REPETIR=Répéter
KWFIX loaded HASTAQUE=Jusqua
KWFIX loaded PARA=Pour
KWFIX loaded HASTA=Jusque
KWFIX loaded CONPASO=Par Pas De
KWFIX loaded FINPARA=FinPour
KWFIX loaded SEGUN=Selon
KWFIX loaded OPCION=Cas
KWFIX loaded DEOTROMODO=Autrement
KWFIX loaded FINSEGUN=FinSelon
KWFIX loaded LEER=Lire
KWFIX loaded ESCRIBIR=Ecrire
KWFIX loaded DEFINIR=Définir
KWFIX loaded COMO=Comme
KWFIX loaded TIPO_ENTERO=Entier
KWFIX loaded TIPO_REAL=Réel
KWFIX loaded TIPO_LOGICO=Logique
KWFIX loaded TIPO_CARACTER=Caractère
KWFIX loaded SIN_SALTAR=Sans Saut de Ligne
KWFIX loaded LIMPIARPANTALLA=Effacer Ecran
KWFIX loaded ESPERARTECLA=Attendre Touche
KWFIX loaded ESPERARTIEMPO=Attendre
KWFIX loaded SEGUNDOS=Secondes
KWFIX loaded MILISEGUNDOS=Millisecondes
KWFIX after ALGORITMO=Algorithme
KWFIX after FINALGORITMO=FinAlgorithme
KWFIX after POR_COPIA=Par Valeur
KWFIX after POR_REFERENCIA=Par Référence
KWFIX after SUBALGORITMO=Fonction
KWFIX after FINSUBALGORITMO=FinFonction
KWFIX after SI=Si
KWFIX after ENTONCES=Alors
KWFIX after SINO=Sinon
KWFIX after FINSI=FinSi
KWFIX after MIENTRAS=TantQue
KWFIX after HACER=Faire
KWFIX after FINMIENTRAS=FinTantQue
KWFIX after REPETIR=Répéter
KWFIX after HASTAQUE=Jusqua
KWFIX after PARA=Pour
KWFIX after HASTA=Jusque
KWFIX after CONPASO=Par Pas De
KWFIX after FINPARA=FinPour
KWFIX after SEGUN=Selon
KWFIX after OPCION=Cas
KWFIX after DEOTROMODO=Autrement
KWFIX after FINSEGUN=FinSelon
KWFIX after DEFINIR=Définir
KWFIX after COMO=Comme
KWFIX after LEER=Lire
KWFIX after ESCRIBIR=Ecrire
KWFIX after TIPO_ENTERO=Entier
KWFIX after TIPO_REAL=Réel
KWFIX after TIPO_LOGICO=Logique
KWFIX after TIPO_CARACTER=Caractère
LANGTRACE postfix current_lang=fr
LANGTRACE postfix ALGORITMO=Algorithme
LANGTRACE postfix FINALGORITMO=FinAlgorithme
LANGTRACE postfix DEFINIR=Définir
LANGTRACE postfix COMO=Comme
LANGTRACE postfix LEER=Lire
LANGTRACE postfix ESCRIBIR=Ecrire
KWTRACE ENTER CheckVariable
1***LimpiarPantalla***
***EsperarTecla***
***Esperar1000***
***Esperar1***
