LANGTRACE before_set_exepath
LANGTRACE after_set_exepath
LANGTRACE step=parse arg=en
LANGKW ALGORITMO=Algoritmo
LANGKW FINALGORITMO=FinAlgoritmo
LANGKW DEFINIR=Definir
LANGKW COMO=Como
LANGTRACE before_setlanguage_call lang_code=en
LANGTRACE SetLanguage requested=en
LANGTRACE SetLanguage try path=C:\msys64\home\Lenovo\src\ppp\bin/../lang/en.txt
LANGTRACE SetLanguage loaded path=C:\msys64\home\Lenovo\src\ppp\bin/../lang/en.txt
LANGTRACE after_setlanguage_call
LANGTRACE postset ALGORITMO=Algoritmo
LANGTRACE postset FINALGORITMO=FinAlgoritmo
LANGTRACE postset DEFINIR=Definir
LANGTRACE postset COMO=Como
LANGTRACE set_current_lang before=es after=en source=main
KWFIX enter current_lang=en
KWFIX before ALGORITMO=Algoritmo
KWFIX before FINALGORITMO=FinAlgoritmo
KWFIX before POR_COPIA=Por Copia
KWFIX before POR_REFERENCIA=Por Referencia
KWFIX before SUBALGORITMO=Función
KWFIX before FINSUBALGORITMO=FinFunción
KWFIX before SI=Si
KWFIX before ENTONCES=Entonces
KWFIX before SINO=SiNo
KWFIX before FINSI=FinSi
KWFIX before MIENTRAS=Mientras
KWFIX before HACER=Hacer
KWFIX before FINMIENTRAS=FinMientras
KWFIX before REPETIR=Repetir
KWFIX before HASTAQUE=Hasta Que
KWFIX before PARA=Para
KWFIX before HASTA=Hasta
KWFIX before CONPASO=Con Paso
KWFIX before FINPARA=FinPara
KWFIX before SEGUN=Según
KWFIX before OPCION=Si Es
KWFIX before DEOTROMODO=De Otro Modo
KWFIX before FINSEGUN=FinSegún
KWFIX before DEFINIR=Definir
KWFIX before COMO=Como
KWFIX before LEER=Leer
KWFIX before ESCRIBIR=Escribir
KWFIX overlay path=keywords/en.ini
KWFIX loaded ALGORITMO=Algorithm
KWFIX loaded FINALGORITMO=EndAlgorithm
KWFIX loaded POR_COPIA=By Value
KWFIX loaded POR_REFERENCIA=By Reference
KWFIX loaded SUBALGORITMO=Function
KWFIX loaded FINSUBALGORITMO=EndFunction
KWFIX loaded SI=If
KWFIX loaded ENTONCES=Then
KWFIX loaded SINO=Else
KWFIX loaded FINSI=EndIf
KWFIX loaded MIENTRAS=While
KWFIX loaded HACER=Do
KWFIX loaded FINMIENTRAS=EndWhile
KWFIX loaded REPETIR=Repeat
KWFIX loaded HASTAQUE=Until
KWFIX loaded PARA=For
KWFIX loaded HASTA=To
KWFIX loaded CONPASO=Step
=== Line 1: SynError 43
=== Line 1: SynError 106
=== Line 2: SynError 43
=== Line 2: SynError 106
=== Line 3: SynError 43
=== Line 3: SynError 106
=== Line 4: SynError 43
=== Line 4: SynError 106
=== Line 5: SynError 43
=== Line 5: SynError 106
=== Line 6: SynError 43
=== Line 6: SynError 106
=== Line 7: SynError 43
=== Line 7: SynError 106
=== Line 1: SynError 273
KWFIX loaded FINPARA=EndFor
KWFIX loaded SEGUN=Switch
KWFIX loaded OPCION=Case
KWFIX loaded DEOTROMODO=Default
KWFIX loaded FINSEGUN=EndSwitch
KWFIX loaded LEER=Read
KWFIX loaded ESCRIBIR=Write
KWFIX loaded DEFINIR=Define
KWFIX loaded COMO=As
KWFIX loaded TIPO_ENTERO=Integer
KWFIX loaded TIPO_REAL=Real
KWFIX loaded TIPO_LOGICO=Logical
KWFIX loaded TIPO_CARACTER=Character
KWFIX loaded SIN_SALTAR=Without Newline
KWFIX loaded LIMPIARPANTALLA=Clear Screen
KWFIX loaded ESPERARTECLA=Wait for Key
KWFIX loaded ESPERARTIEMPO=Wait
KWFIX loaded SEGUNDOS=Seconds
KWFIX loaded MILISEGUNDOS=Milliseconds
KWFIX after ALGORITMO=Algorithm
KWFIX after FINALGORITMO=EndAlgorithm
KWFIX after POR_COPIA=By Value
KWFIX after POR_REFERENCIA=By Reference
KWFIX after SUBALGORITMO=Function
KWFIX after FINSUBALGORITMO=EndFunction
KWFIX after SI=If
KWFIX after ENTONCES=Then
KWFIX after SINO=Else
KWFIX after FINSI=EndIf
KWFIX after MIENTRAS=While
KWFIX after HACER=Do
KWFIX after FINMIENTRAS=EndWhile
KWFIX after REPETIR=Repeat
KWFIX after HASTAQUE=Until
KWFIX after PARA=For
KWFIX after HASTA=To
KWFIX after CONPASO=Step
KWFIX after FINPARA=EndFor
KWFIX after SEGUN=Switch
KWFIX after OPCION=Case
KWFIX after DEOTROMODO=Default
KWFIX after FINSEGUN=EndSwitch
KWFIX after DEFINIR=Define
KWFIX after COMO=As
KWFIX after LEER=Read
KWFIX after ESCRIBIR=Write
KWFIX after TIPO_ENTERO=Integer
KWFIX after TIPO_REAL=Real
KWFIX after TIPO_LOGICO=Logical
KWFIX after TIPO_CARACTER=Character
LANGTRACE engine current_lang=en
KWFIX enter current_lang=en
KWFIX before ALGORITMO=Algorithm
KWFIX before FINALGORITMO=EndAlgorithm
KWFIX before POR_COPIA=By Value
KWFIX before POR_REFERENCIA=By Reference
KWFIX before SUBALGORITMO=Function
KWFIX before FINSUBALGORITMO=EndFunction
KWFIX before SI=If
KWFIX before ENTONCES=Then
KWFIX before SINO=Else
KWFIX before FINSI=EndIf
KWFIX before MIENTRAS=While
KWFIX before HACER=Do
KWFIX before FINMIENTRAS=EndWhile
KWFIX before REPETIR=Repeat
KWFIX before HASTAQUE=Until
KWFIX before PARA=For
KWFIX before HASTA=To
KWFIX before CONPASO=Step
KWFIX before FINPARA=EndFor
KWFIX before SEGUN=Switch
KWFIX before OPCION=Case
KWFIX before DEOTROMODO=Default
KWFIX before FINSEGUN=EndSwitch
KWFIX before DEFINIR=Define
KWFIX before COMO=As
KWFIX before LEER=Read
KWFIX before ESCRIBIR=Write
KWFIX loaded ALGORITMO=Algorithm
KWFIX loaded FINALGORITMO=EndAlgorithm
KWFIX loaded POR_COPIA=By Value
KWFIX loaded POR_REFERENCIA=By Reference
KWFIX loaded SUBALGORITMO=Function
KWFIX loaded FINSUBALGORITMO=EndFunction
KWFIX loaded SI=If
KWFIX loaded ENTONCES=Then
KWFIX loaded SINO=Else
KWFIX loaded FINSI=EndIf
KWFIX loaded MIENTRAS=While
KWFIX loaded HACER=Do
KWFIX loaded FINMIENTRAS=EndWhile
KWFIX loaded REPETIR=Repeat
KWFIX loaded HASTAQUE=Until
KWFIX loaded PARA=For
KWFIX loaded HASTA=To
KWFIX loaded CONPASO=Step
KWFIX loaded FINPARA=EndFor
KWFIX loaded SEGUN=Switch
KWFIX loaded OPCION=Case
KWFIX loaded DEOTROMODO=Default
KWFIX loaded FINSEGUN=EndSwitch
KWFIX loaded LEER=Read
KWFIX loaded ESCRIBIR=Write
KWFIX loaded DEFINIR=Define
KWFIX loaded COMO=As
KWFIX loaded TIPO_ENTERO=Integer
KWFIX loaded TIPO_REAL=Real
KWFIX loaded TIPO_LOGICO=Logical
KWFIX loaded TIPO_CARACTER=Character
KWFIX loaded SIN_SALTAR=Without Newline
KWFIX loaded LIMPIARPANTALLA=Clear Screen
KWFIX loaded ESPERARTECLA=Wait for Key
KWFIX loaded ESPERARTIEMPO=Wait
KWFIX loaded SEGUNDOS=Seconds
KWFIX loaded MILISEGUNDOS=Milliseconds
KWFIX after ALGORITMO=Algorithm
KWFIX after FINALGORITMO=EndAlgorithm
KWFIX after POR_COPIA=By Value
KWFIX after POR_REFERENCIA=By Reference
KWFIX after SUBALGORITMO=Function
KWFIX after FINSUBALGORITMO=EndFunction
KWFIX after SI=If
KWFIX after ENTONCES=Then
KWFIX after SINO=Else
KWFIX after FINSI=EndIf
KWFIX after MIENTRAS=While
KWFIX after HACER=Do
KWFIX after FINMIENTRAS=EndWhile
KWFIX after REPETIR=Repeat
KWFIX after HASTAQUE=Until
KWFIX after PARA=For
KWFIX after HASTA=To
KWFIX after CONPASO=Step
KWFIX after FINPARA=EndFor
KWFIX after SEGUN=Switch
KWFIX after OPCION=Case
KWFIX after DEOTROMODO=Default
KWFIX after FINSEGUN=EndSwitch
KWFIX after DEFINIR=Define
KWFIX after COMO=As
KWFIX after LEER=Read
KWFIX after ESCRIBIR=Write
KWFIX after TIPO_ENTERO=Integer
KWFIX after TIPO_REAL=Real
KWFIX after TIPO_LOGICO=Logical
KWFIX after TIPO_CARACTER=Character
LANGTRACE postfix current_lang=en
LANGTRACE postfix ALGORITMO=Algorithm
LANGTRACE postfix FINALGORITMO=EndAlgorithm
LANGTRACE postfix DEFINIR=Define
LANGTRACE postfix COMO=As
LANGTRACE postfix LEER=Read
LANGTRACE postfix ESCRIBIR=Write
