LANGTRACE before_set_exepath
LANGTRACE after_set_exepath
LANGTRACE step=parse arg=es
LANGKW ALGORITMO=Algoritmo
LANGKW FINALGORITMO=FinAlgoritmo
LANGKW DEFINIR=Definir
LANGKW COMO=Como
LANGTRACE before_setlanguage_call lang_code=es
LANGTRACE SetLanguage requested=es
LANGTRACE SetLanguage try path=C:\msys64\home\Lenovo\src\ppp\bin/../lang/es.txt
LANGTRACE SetLanguage loaded path=C:\msys64\home\Lenovo\src\ppp\bin/../lang/es.txt
LANGTRACE after_setlanguage_call
LANGTRACE postset ALGORITMO=Algoritmo
LANGTRACE postset FINALGORITMO=FinAlgoritmo
LANGTRACE postset DEFINIR=Definir
LANGTRACE postset COMO=Como
LANGTRACE set_current_lang before=es after=es source=main
KWFIX enter current_lang=es
KWFIX before ALGORITMO=Algoritmo
KWFIX before FINALGORITMO=FinAlgoritmo
KWFIX before POR_COPIA=Por Copia
KWFIX before POR_REFERENCIA=Por Referencia
KWFIX before SUBALGORITMO=Función
KWFIX before FINSUBALGORITMO=FinFunción
KWFIX before SI=Si
KWFIX before ENTONCES=Entonces
KWFIX before SINO=SiNo
KWFIX before FINSI=FinSi
KWFIX before MIENTRAS=Mientras
KWFIX before HACER=Hacer
KWFIX before FINMIENTRAS=FinMientras
KWFIX before REPETIR=Repetir
KWFIX before HASTAQUE=Hasta Que
KWFIX before PARA=Para
KWFIX before HASTA=Hasta
KWFIX before CONPASO=Con Paso
KWFIX before FINPARA=FinPara
KWFIX before SEGUN=Según
KWFIX before OPCION=Si Es
KWFIX before DEOTROMODO=De Otro Modo
KWFIX before FINSEGUN=FinSegún
KWFIX before DEFINIR=Definir
KWFIX before COMO=Como
KWFIX before LEER=Leer
KWFIX before ESCRIBIR=Escribir
KWFIX overlay path=keywords/es.ini
KWFIX loaded ALGORITMO=Algoritmo
KWFIX loaded FINALGORITMO=FinAlgoritmo
KWFIX loaded POR_COPIA=Por Copia
KWFIX loaded POR_REFERENCIA=Por Referencia
KWFIX loaded SUBALGORITMO=Funcion
KWFIX loaded FINSUBALGORITMO=FinFuncion
KWFIX loaded SI=Si
KWFIX loaded ENTONCES=Entonces
KWFIX loaded SINO=Sino
KWFIX loaded FINSI=FinSi
KWFIX loaded MIENTRAS=Mientras
KWFIX loaded HACER=Hacer
KWFIX loaded FINMIENTRAS=FinMientras
KWFIX loaded REPETIR=Repetir
KWFIX loaded HASTAQUE=Hasta Que
KWFIX loaded PARA=Para
KWFIX loaded HASTA=Hasta
KWFIX loaded CONPASO=Con Paso
KWFIX loaded FINPARA=FinPara
KWFIX loaded SEGUN=Segun
KWFIX loaded OPCION=Opcion
KWFIX loaded DEOTROMODO=De Otro Modo
KWFIX loaded FINSEGUN=FinSegun
KWFIX loaded LEER=Leer
KWFIX loaded ESCRIBIR=Escribir
KWFIX loaded DEFINIR=Definir
KWFIX loaded COMO=Como
KWFIX loaded TIPO_ENTERO=Entero
KWFIX loaded TIPO_REAL=Real
KWFIX loaded TIPO_LOGICO=Lógico
KWFIX loaded TIPO_CARACTER=Caracter
KWFIX loaded SIN_SALTAR=Sin Saltar
KWFIX loaded LIMPIARPANTALLA=Limpiar Pantalla
KWFIX loaded ESPERARTECLA=Esperar Tecla
KWFIX loaded ESPERARTIEMPO=Esperar
KWFIX loaded SEGUNDOS=Segundos
KWFIX loaded MILISEGUNDOS=Milisegundos
KWFIX after ALGORITMO=Algoritmo
KWFIX after FINALGORITMO=FinAlgoritmo
KWFIX after POR_COPIA=Por Copia
KWFIX after POR_REFERENCIA=Por Referencia
KWFIX after SUBALGORITMO=Funcion
KWFIX after FINSUBALGORITMO=FinFuncion
KWFIX after SI=Si
KWFIX after ENTONCES=Entonces
KWFIX after SINO=Sino
KWFIX after FINSI=FinSi
KWFIX after MIENTRAS=Mientras
KWFIX after HACER=Hacer
KWFIX after FINMIENTRAS=FinMientras
KWFIX after REPETIR=Repetir
KWFIX after HASTAQUE=Hasta Que
KWFIX after PARA=Para
KWFIX after HASTA=Hasta
KWFIX after CONPASO=Con Paso
KWFIX after FINPARA=FinPara
KWFIX after SEGUN=Segun
KWFIX after OPCION=Opcion
KWFIX after DEOTROMODO=De Otro Modo
KWFIX after FINSEGUN=FinSegun
KWFIX after DEFINIR=Definir
KWFIX after COMO=Como
KWFIX after LEER=Leer
KWFIX after ESCRIBIR=Escribir
KWFIX after TIPO_ENTERO=Entero
KWFIX after TIPO_REAL=Real
KWFIX after TIPO_LOGICO=Lógico
KWFIX after TIPO_CARACTER=Caracter
LANGTRACE engine current_lang=es
KWFIX enter current_lang=es
KWFIX before ALGORITMO=Algoritmo
KWFIX before FINALGORITMO=FinAlgoritmo
KWFIX before POR_COPIA=Por Copia
KWFIX before POR_REFERENCIA=Por Referencia
KWFIX before SUBALGORITMO=Funcion
KWFIX before FINSUBALGORITMO=FinFuncion
KWFIX before SI=Si
KWFIX before ENTONCES=Entonces
KWFIX before SINO=Sino
KWFIX before FINSI=FinSi
KWFIX before MIENTRAS=Mientras
KWFIX before HACER=Hacer
KWFIX before FINMIENTRAS=FinMientras
KWFIX before REPETIR=Repetir
KWFIX before HASTAQUE=Hasta Que
KWFIX before PARA=Para
KWFIX before HASTA=Hasta
KWFIX before CONPASO=Con Paso
KWFIX before FINPARA=FinPara
KWFIX before SEGUN=Segun
KWFIX before OPCION=Opcion
KWFIX before DEOTROMODO=De Otro Modo
KWFIX before FINSEGUN=FinSegun
KWFIX before DEFINIR=Definir
KWFIX before COMO=Como
KWFIX before LEER=Leer
KWFIX before ESCRIBIR=Escribir
KWFIX loaded ALGORITMO=Algoritmo
KWFIX loaded FINALGORITMO=FinAlgoritmo
KWFIX loaded POR_COPIA=Por Copia
KWFIX loaded POR_REFERENCIA=Por Referencia
KWFIX loaded SUBALGORITMO=Funcion
KWFIX loaded FINSUBALGORITMO=FinFuncion
KWFIX loaded SI=Si
KWFIX loaded ENTONCES=Entonces
KWFIX loaded SINO=Sino
KWFIX loaded FINSI=FinSi
KWFIX loaded MIENTRAS=Mientras
KWFIX loaded HACER=Hacer
KWFIX loaded FINMIENTRAS=FinMientras
KWFIX loaded REPETIR=Repetir
KWFIX loaded HASTAQUE=Hasta Que
KWFIX loaded PARA=Para
KWFIX loaded HASTA=Hasta
KWFIX loaded CONPASO=Con Paso
KWFIX loaded FINPARA=FinPara
KWFIX loaded SEGUN=Segun
KWFIX loaded OPCION=Opcion
KWFIX loaded DEOTROMODO=De Otro Modo
KWFIX loaded FINSEGUN=FinSegun
KWFIX loaded LEER=Leer
KWFIX loaded ESCRIBIR=Escribir
KWFIX loaded DEFINIR=Definir
KWFIX loaded COMO=Como
KWFIX loaded TIPO_ENTERO=Entero
KWFIX loaded TIPO_REAL=Real
KWFIX loaded TIPO_LOGICO=Lógico
KWFIX loaded TIPO_CARACTER=Caracter
KWFIX loaded SIN_SALTAR=Sin Saltar
KWFIX loaded LIMPIARPANTALLA=Limpiar Pantalla
KWFIX loaded ESPERARTECLA=Esperar Tecla
KWFIX loaded ESPERARTIEMPO=Esperar
KWFIX loaded SEGUNDOS=Segundos
KWFIX loaded MILISEGUNDOS=Milisegundos
KWFIX after ALGORITMO=Algoritmo
KWFIX after FINALGORITMO=FinAlgoritmo
KWFIX after POR_COPIA=Por Copia
KWFIX after POR_REFERENCIA=Por Referencia
KWFIX after SUBALGORITMO=Funcion
KWFIX after FINSUBALGORITMO=FinFuncion
KWFIX after SI=Si
KWFIX after ENTONCES=Entonces
KWFIX after SINO=Sino
KWFIX after FINSI=FinSi
KWFIX after MIENTRAS=Mientras
KWFIX after HACER=Hacer
KWFIX after FINMIENTRAS=FinMientras
KWFIX after REPETIR=Repetir
KWFIX after HASTAQUE=Hasta Que
KWFIX after PARA=Para
KWFIX after HASTA=Hasta
KWFIX after CONPASO=Con Paso
KWFIX after FINPARA=FinPara
KWFIX after SEGUN=Segun
KWFIX after OPCION=Opcion
KWFIX after DEOTROMODO=De Otro Modo
KWFIX after FINSEGUN=FinSegun
KWFIX after DEFINIR=Definir
KWFIX after COMO=Como
KWFIX after LEER=Leer
KWFIX after ESCRIBIR=Escribir
KWFIX after TIPO_ENTERO=Entero
KWFIX after TIPO_REAL=Real
KWFIX after TIPO_LOGICO=Lógico
KWFIX after TIPO_CARACTER=Caracter
LANGTRACE postfix current_lang=es
LANGTRACE postfix ALGORITMO=Algoritmo
LANGTRACE postfix FINALGORITMO=FinAlgoritmo
LANGTRACE postfix DEFINIR=Definir
LANGTRACE postfix COMO=Como
LANGTRACE postfix LEER=Leer
LANGTRACE postfix ESCRIBIR=Escribir
=== Line 1: SynError 43
=== Line 1: SynError 106
=== Line 2: SynError 43
=== Line 2: SynError 106
=== Line 3: SynError 43
=== Line 3: SynError 106
=== Line 4: SynError 43
=== Line 4: SynError 106
=== Line 5: SynError 43
=== Line 5: SynError 106
=== Line 6: SynError 43
=== Line 6: SynError 106
=== Line 7: SynError 43
=== Line 7: SynError 106
=== Line 1: SynError 273
